C:/Users/WIN 11/Videos/Animations/ffmpeg/bin/ffmpeg.exe -hide_banner -y -y -r 12 -start_number 0 -start_number_range 1 -i C:/Users/WIN 11/Videos/Animations/Rain World/Challenges/The Hunter Games (15-21)/Exports/GIFs/frame%04d.png -i C:/Users/WIN 11/Videos/Animations/Rain World/Challenges/The Hunter Games (15-21)/Exports/GIFs/KritaTempPalettegen_%06d.png -lavfi [0:v][1:v]paletteuse=dither=sierra2_4a:diff_mode=none -f gif -loop 0 -gifflags +transdiff C:/Users/WIN 11/Videos/Animations/Rain World/Challenges/The Hunter Games (15-21)/Exports/GIFs/SHOT 16-1.gif
=====================================================
Input #0, image2, from 'C:/Users/WIN 11/Videos/Animations/Rain World/Challenges/The Hunter Games (15-21)/Exports/GIFs/frame%04d.png':
  Duration: 00:00:04.32, start: 0.000000, bitrate: N/A
  Stream #0:0: Video: png, rgba(pc, gbr/unknown/unknown), 1280x720 [SAR 3937:3937 DAR 16:9], 25 fps, 25 tbr, 25 tbn
Input #1, image2, from 'C:/Users/WIN 11/Videos/Animations/Rain World/Challenges/The Hunter Games (15-21)/Exports/GIFs/KritaTempPalettegen_%06d.png':
  Duration: 00:00:00.04, start: 0.000000, bitrate: N/A
  Stream #1:0: Video: png, rgba(pc, gbr/unknown/unknown), 16x16 [SAR 1:1 DAR 1:1], 25 fps, 25 tbr, 25 tbn
Stream mapping:
  Stream #0:0 (png) -> paletteuse
  Stream #1:0 (png) -> paletteuse
  paletteuse:default -> Stream #0:0 (gif)
Press [q] to stop, [?] for help
Output #0, gif, to 'C:/Users/WIN 11/Videos/Animations/Rain World/Challenges/The Hunter Games (15-21)/Exports/GIFs/SHOT 16-1.gif':
  Metadata:
    encoder         : Lavf61.1.100
  Stream #0:0: Video: gif, pal8(pc, gbr/unknown/unknown, progressive), 1280x720 [SAR 1:1 DAR 16:9], q=2-31, 200 kb/s, 12 fps, 100 tbn
      Metadata:
        encoder         : Lavc61.3.100 gif
frame=   20 fps=0.0 q=-0.0 size=     240KiB time=00:00:01.66 bitrate=1178.7kbits/s speed=3.24x    frame=   44 fps= 42 q=-0.0 size=     256KiB time=00:00:03.66 bitrate= 572.0kbits/s speed=3.51x    frame=   66 fps= 42 q=-0.0 size=     256KiB time=00:00:05.50 bitrate= 381.3kbits/s speed=3.53x    frame=   89 fps= 43 q=-0.0 size=     256KiB time=00:00:07.41 bitrate= 282.8kbits/s speed=3.58x    [out#0/gif @ 0000021bef73e700] video:595KiB audio:0KiB subtitle:0KiB other streams:0KiB global headers:0KiB muxing overhead: 0.003280%
frame=  108 fps= 43 q=-0.0 Lsize=     595KiB time=00:00:09.00 bitrate= 542.0kbits/s speed=3.59x    
